<?xml version="1.0" encoding="UTF-8"?>
<testsuite xmlns:xsi="http://www.w3.org/2001/XMLSchema-instance" xsi:noNamespaceSchemaLocation="https://maven.apache.org/surefire/maven-surefire-plugin/xsd/surefire-test-report.xsd" name="com.demo.demo.AAdemoApplicationTests" time="1.967" tests="1" errors="0" skipped="0" failures="0">
  <properties>
    <property name="java.specification.version" value="17"/>
    <property name="sun.jnu.encoding" value="UTF-8"/>
    <property name="java.class.path" value="/Users/bhupendrasam1404/Devops/springboot-CRUD/target/test-classes:/Users/bhupendrasam1404/Devops/springboot-CRUD/target/classes:/Users/bhupendrasam1404/.m2/repository/org/springframework/boot/spring-boot-starter-data-jpa/2.7.0-M1/spring-boot-starter-data-jpa-2.7.0-M1.jar:/Users/bhupendrasam1404/.m2/repository/org/springframework/boot/spring-boot-starter-aop/2.7.0-M1/spring-boot-starter-aop-2.7.0-M1.jar:/Users/bhupendrasam1404/.m2/repository/org/springframework/spring-aop/5.3.15/spring-aop-5.3.15.jar:/Users/bhupendrasam1404/.m2/repository/org/aspectj/aspectjweaver/1.9.7/aspectjweaver-1.9.7.jar:/Users/bhupendrasam1404/.m2/repository/org/springframework/boot/spring-boot-starter-jdbc/2.7.0-M1/spring-boot-starter-jdbc-2.7.0-M1.jar:/Users/bhupendrasam1404/.m2/repository/com/zaxxer/HikariCP/4.0.3/HikariCP-4.0.3.jar:/Users/bhupendrasam1404/.m2/repository/org/springframework/spring-jdbc/5.3.15/spring-jdbc-5.3.15.jar:/Users/bhupendrasam1404/.m2/repository/jakarta/transaction/jakarta.transaction-api/1.3.3/jakarta.transaction-api-1.3.3.jar:/Users/bhupendrasam1404/.m2/repository/jakarta/persistence/jakarta.persistence-api/2.2.3/jakarta.persistence-api-2.2.3.jar:/Users/bhupendrasam1404/.m2/repository/org/hibernate/hibernate-core/5.6.4.Final/hibernate-core-5.6.4.Final.jar:/Users/bhupendrasam1404/.m2/repository/org/jboss/logging/jboss-logging/3.4.3.Final/jboss-logging-3.4.3.Final.jar:/Users/bhupendrasam1404/.m2/repository/net/bytebuddy/byte-buddy/1.12.7/byte-buddy-1.12.7.jar:/Users/bhupendrasam1404/.m2/repository/antlr/antlr/2.7.7/antlr-2.7.7.jar:/Users/bhupendrasam1404/.m2/repository/org/jboss/jandex/2.4.2.Final/jandex-2.4.2.Final.jar:/Users/bhupendrasam1404/.m2/repository/com/fasterxml/classmate/1.5.1/classmate-1.5.1.jar:/Users/bhupendrasam1404/.m2/repository/org/hibernate/common/hibernate-commons-annotations/5.1.2.Final/hibernate-commons-annotations-5.1.2.Final.jar:/Users/bhupendrasam1404/.m2/repository/org/glassfish/jaxb/jaxb-runtime/2.3.5/jaxb-runtime-2.3.5.jar:/Users/bhupendrasam1404/.m2/repository/org/glassfish/jaxb/txw2/2.3.5/txw2-2.3.5.jar:/Users/bhupendrasam1404/.m2/repository/com/sun/istack/istack-commons-runtime/3.0.12/istack-commons-runtime-3.0.12.jar:/Users/bhupendrasam1404/.m2/repository/com/sun/activation/jakarta.activation/1.2.2/jakarta.activation-1.2.2.jar:/Users/bhupendrasam1404/.m2/repository/org/springframework/data/spring-data-jpa/2.7.0-M2/spring-data-jpa-2.7.0-M2.jar:/Users/bhupendrasam1404/.m2/repository/org/springframework/data/spring-data-commons/2.7.0-M2/spring-data-commons-2.7.0-M2.jar:/Users/bhupendrasam1404/.m2/repository/org/springframework/spring-orm/5.3.15/spring-orm-5.3.15.jar:/Users/bhupendrasam1404/.m2/repository/org/springframework/spring-context/5.3.15/spring-context-5.3.15.jar:/Users/bhupendrasam1404/.m2/repository/org/springframework/spring-tx/5.3.15/spring-tx-5.3.15.jar:/Users/bhupendrasam1404/.m2/repository/org/springframework/spring-beans/5.3.15/spring-beans-5.3.15.jar:/Users/bhupendrasam1404/.m2/repository/org/slf4j/slf4j-api/1.7.33/slf4j-api-1.7.33.jar:/Users/bhupendrasam1404/.m2/repository/org/springframework/spring-aspects/5.3.15/spring-aspects-5.3.15.jar:/Users/bhupendrasam1404/.m2/repository/org/springframework/boot/spring-boot-starter-web/2.7.0-M1/spring-boot-starter-web-2.7.0-M1.jar:/Users/bhupendrasam1404/.m2/repository/org/springframework/boot/spring-boot-starter/2.7.0-M1/spring-boot-starter-2.7.0-M1.jar:/Users/bhupendrasam1404/.m2/repository/org/springframework/boot/spring-boot-starter-logging/2.7.0-M1/spring-boot-starter-logging-2.7.0-M1.jar:/Users/bhupendrasam1404/.m2/repository/ch/qos/logback/logback-classic/1.2.10/logback-classic-1.2.10.jar:/Users/bhupendrasam1404/.m2/repository/ch/qos/logback/logback-core/1.2.10/logback-core-1.2.10.jar:/Users/bhupendrasam1404/.m2/repository/org/apache/logging/log4j/log4j-to-slf4j/2.17.1/log4j-to-slf4j-2.17.1.jar:/Users/bhupendrasam1404/.m2/repository/org/apache/logging/log4j/log4j-api/2.17.1/log4j-api-2.17.1.jar:/Users/bhupendrasam1404/.m2/repository/org/slf4j/jul-to-slf4j/1.7.33/jul-to-slf4j-1.7.33.jar:/Users/bhupendrasam1404/.m2/repository/jakarta/annotation/jakarta.annotation-api/1.3.5/jakarta.annotation-api-1.3.5.jar:/Users/bhupendrasam1404/.m2/repository/org/yaml/snakeyaml/1.30/snakeyaml-1.30.jar:/Users/bhupendrasam1404/.m2/repository/org/springframework/boot/spring-boot-starter-json/2.7.0-M1/spring-boot-starter-json-2.7.0-M1.jar:/Users/bhupendrasam1404/.m2/repository/com/fasterxml/jackson/core/jackson-databind/2.13.1/jackson-databind-2.13.1.jar:/Users/bhupendrasam1404/.m2/repository/com/fasterxml/jackson/core/jackson-annotations/2.13.1/jackson-annotations-2.13.1.jar:/Users/bhupendrasam1404/.m2/repository/com/fasterxml/jackson/core/jackson-core/2.13.1/jackson-core-2.13.1.jar:/Users/bhupendrasam1404/.m2/repository/com/fasterxml/jackson/datatype/jackson-datatype-jdk8/2.13.1/jackson-datatype-jdk8-2.13.1.jar:/Users/bhupendrasam1404/.m2/repository/com/fasterxml/jackson/datatype/jackson-datatype-jsr310/2.13.1/jackson-datatype-jsr310-2.13.1.jar:/Users/bhupendrasam1404/.m2/repository/com/fasterxml/jackson/module/jackson-module-parameter-names/2.13.1/jackson-module-parameter-names-2.13.1.jar:/Users/bhupendrasam1404/.m2/repository/org/springframework/boot/spring-boot-starter-tomcat/2.7.0-M1/spring-boot-starter-tomcat-2.7.0-M1.jar:/Users/bhupendrasam1404/.m2/repository/org/apache/tomcat/embed/tomcat-embed-core/9.0.58/tomcat-embed-core-9.0.58.jar:/Users/bhupendrasam1404/.m2/repository/org/apache/tomcat/embed/tomcat-embed-el/9.0.58/tomcat-embed-el-9.0.58.jar:/Users/bhupendrasam1404/.m2/repository/org/apache/tomcat/embed/tomcat-embed-websocket/9.0.58/tomcat-embed-websocket-9.0.58.jar:/Users/bhupendrasam1404/.m2/repository/org/springframework/spring-web/5.3.15/spring-web-5.3.15.jar:/Users/bhupendrasam1404/.m2/repository/org/springframework/spring-webmvc/5.3.15/spring-webmvc-5.3.15.jar:/Users/bhupendrasam1404/.m2/repository/org/springframework/spring-expression/5.3.15/spring-expression-5.3.15.jar:/Users/bhupendrasam1404/.m2/repository/com/h2database/h2/1.4.200/h2-1.4.200.jar:/Users/bhupendrasam1404/.m2/repository/org/springframework/boot/spring-boot-devtools/2.7.0-M1/spring-boot-devtools-2.7.0-M1.jar:/Users/bhupendrasam1404/.m2/repository/org/springframework/boot/spring-boot/2.7.0-M1/spring-boot-2.7.0-M1.jar:/Users/bhupendrasam1404/.m2/repository/org/springframework/boot/spring-boot-autoconfigure/2.7.0-M1/spring-boot-autoconfigure-2.7.0-M1.jar:/Users/bhupendrasam1404/.m2/repository/mysql/mysql-connector-java/8.0.28/mysql-connector-java-8.0.28.jar:/Users/bhupendrasam1404/.m2/repository/org/springframework/boot/spring-boot-starter-test/2.7.0-M1/spring-boot-starter-test-2.7.0-M1.jar:/Users/bhupendrasam1404/.m2/repository/org/springframework/boot/spring-boot-test/2.7.0-M1/spring-boot-test-2.7.0-M1.jar:/Users/bhupendrasam1404/.m2/repository/org/springframework/boot/spring-boot-test-autoconfigure/2.7.0-M1/spring-boot-test-autoconfigure-2.7.0-M1.jar:/Users/bhupendrasam1404/.m2/repository/com/jayway/jsonpath/json-path/2.6.0/json-path-2.6.0.jar:/Users/bhupendrasam1404/.m2/repository/net/minidev/json-smart/2.4.7/json-smart-2.4.7.jar:/Users/bhupendrasam1404/.m2/repository/net/minidev/accessors-smart/2.4.7/accessors-smart-2.4.7.jar:/Users/bhupendrasam1404/.m2/repository/org/ow2/asm/asm/9.1/asm-9.1.jar:/Users/bhupendrasam1404/.m2/repository/jakarta/xml/bind/jakarta.xml.bind-api/2.3.3/jakarta.xml.bind-api-2.3.3.jar:/Users/bhupendrasam1404/.m2/repository/jakarta/activation/jakarta.activation-api/1.2.2/jakarta.activation-api-1.2.2.jar:/Users/bhupendrasam1404/.m2/repository/org/assertj/assertj-core/3.22.0/assertj-core-3.22.0.jar:/Users/bhupendrasam1404/.m2/repository/org/hamcrest/hamcrest/2.2/hamcrest-2.2.jar:/Users/bhupendrasam1404/.m2/repository/org/junit/jupiter/junit-jupiter/5.8.2/junit-jupiter-5.8.2.jar:/Users/bhupendrasam1404/.m2/repository/org/junit/jupiter/junit-jupiter-api/5.8.2/junit-jupiter-api-5.8.2.jar:/Users/bhupendrasam1404/.m2/repository/org/opentest4j/opentest4j/1.2.0/opentest4j-1.2.0.jar:/Users/bhupendrasam1404/.m2/repository/org/junit/platform/junit-platform-commons/1.8.2/junit-platform-commons-1.8.2.jar:/Users/bhupendrasam1404/.m2/repository/org/apiguardian/apiguardian-api/1.1.2/apiguardian-api-1.1.2.jar:/Users/bhupendrasam1404/.m2/repository/org/junit/jupiter/junit-jupiter-params/5.8.2/junit-jupiter-params-5.8.2.jar:/Users/bhupendrasam1404/.m2/repository/org/junit/jupiter/junit-jupiter-engine/5.8.2/junit-jupiter-engine-5.8.2.jar:/Users/bhupendrasam1404/.m2/repository/org/junit/platform/junit-platform-engine/1.8.2/junit-platform-engine-1.8.2.jar:/Users/bhupendrasam1404/.m2/repository/org/mockito/mockito-core/4.2.0/mockito-core-4.2.0.jar:/Users/bhupendrasam1404/.m2/repository/net/bytebuddy/byte-buddy-agent/1.12.7/byte-buddy-agent-1.12.7.jar:/Users/bhupendrasam1404/.m2/repository/org/objenesis/objenesis/3.2/objenesis-3.2.jar:/Users/bhupendrasam1404/.m2/repository/org/mockito/mockito-junit-jupiter/4.2.0/mockito-junit-jupiter-4.2.0.jar:/Users/bhupendrasam1404/.m2/repository/org/skyscreamer/jsonassert/1.5.0/jsonassert-1.5.0.jar:/Users/bhupendrasam1404/.m2/repository/com/vaadin/external/google/android-json/0.0.20131108.vaadin1/android-json-0.0.20131108.vaadin1.jar:/Users/bhupendrasam1404/.m2/repository/org/springframework/spring-core/5.3.15/spring-core-5.3.15.jar:/Users/bhupendrasam1404/.m2/repository/org/springframework/spring-jcl/5.3.15/spring-jcl-5.3.15.jar:/Users/bhupendrasam1404/.m2/repository/org/springframework/spring-test/5.3.15/spring-test-5.3.15.jar:/Users/bhupendrasam1404/.m2/repository/org/xmlunit/xmlunit-core/2.8.4/xmlunit-core-2.8.4.jar:"/>
    <property name="java.vm.vendor" value="Homebrew"/>
    <property name="sun.arch.data.model" value="64"/>
    <property name="java.vendor.url" value="https://github.com/Homebrew/homebrew-core/issues"/>
    <property name="os.name" value="Mac OS X"/>
    <property name="java.vm.specification.version" value="17"/>
    <property name="sun.java.launcher" value="SUN_STANDARD"/>
    <property name="user.country" value="GB"/>
    <property name="sun.boot.library.path" value="/opt/homebrew/Cellar/openjdk/17.0.1_1/libexec/openjdk.jdk/Contents/Home/lib"/>
    <property name="sun.java.command" value="/Users/bhupendrasam1404/Devops/springboot-CRUD/target/surefire/surefirebooter16439300530864939654.jar /Users/bhupendrasam1404/Devops/springboot-CRUD/target/surefire 2023-02-16T23-52-55_176-jvmRun1 surefire11123640216129452025tmp surefire_05455903738158474413tmp"/>
    <property name="http.nonProxyHosts" value="local|*.local|169.254/16|*.169.254/16"/>
    <property name="jdk.debug" value="release"/>
    <property name="surefire.test.class.path" value="/Users/bhupendrasam1404/Devops/springboot-CRUD/target/test-classes:/Users/bhupendrasam1404/Devops/springboot-CRUD/target/classes:/Users/bhupendrasam1404/.m2/repository/org/springframework/boot/spring-boot-starter-data-jpa/2.7.0-M1/spring-boot-starter-data-jpa-2.7.0-M1.jar:/Users/bhupendrasam1404/.m2/repository/org/springframework/boot/spring-boot-starter-aop/2.7.0-M1/spring-boot-starter-aop-2.7.0-M1.jar:/Users/bhupendrasam1404/.m2/repository/org/springframework/spring-aop/5.3.15/spring-aop-5.3.15.jar:/Users/bhupendrasam1404/.m2/repository/org/aspectj/aspectjweaver/1.9.7/aspectjweaver-1.9.7.jar:/Users/bhupendrasam1404/.m2/repository/org/springframework/boot/spring-boot-starter-jdbc/2.7.0-M1/spring-boot-starter-jdbc-2.7.0-M1.jar:/Users/bhupendrasam1404/.m2/repository/com/zaxxer/HikariCP/4.0.3/HikariCP-4.0.3.jar:/Users/bhupendrasam1404/.m2/repository/org/springframework/spring-jdbc/5.3.15/spring-jdbc-5.3.15.jar:/Users/bhupendrasam1404/.m2/repository/jakarta/transaction/jakarta.transaction-api/1.3.3/jakarta.transaction-api-1.3.3.jar:/Users/bhupendrasam1404/.m2/repository/jakarta/persistence/jakarta.persistence-api/2.2.3/jakarta.persistence-api-2.2.3.jar:/Users/bhupendrasam1404/.m2/repository/org/hibernate/hibernate-core/5.6.4.Final/hibernate-core-5.6.4.Final.jar:/Users/bhupendrasam1404/.m2/repository/org/jboss/logging/jboss-logging/3.4.3.Final/jboss-logging-3.4.3.Final.jar:/Users/bhupendrasam1404/.m2/repository/net/bytebuddy/byte-buddy/1.12.7/byte-buddy-1.12.7.jar:/Users/bhupendrasam1404/.m2/repository/antlr/antlr/2.7.7/antlr-2.7.7.jar:/Users/bhupendrasam1404/.m2/repository/org/jboss/jandex/2.4.2.Final/jandex-2.4.2.Final.jar:/Users/bhupendrasam1404/.m2/repository/com/fasterxml/classmate/1.5.1/classmate-1.5.1.jar:/Users/bhupendrasam1404/.m2/repository/org/hibernate/common/hibernate-commons-annotations/5.1.2.Final/hibernate-commons-annotations-5.1.2.Final.jar:/Users/bhupendrasam1404/.m2/repository/org/glassfish/jaxb/jaxb-runtime/2.3.5/jaxb-runtime-2.3.5.jar:/Users/bhupendrasam1404/.m2/repository/org/glassfish/jaxb/txw2/2.3.5/txw2-2.3.5.jar:/Users/bhupendrasam1404/.m2/repository/com/sun/istack/istack-commons-runtime/3.0.12/istack-commons-runtime-3.0.12.jar:/Users/bhupendrasam1404/.m2/repository/com/sun/activation/jakarta.activation/1.2.2/jakarta.activation-1.2.2.jar:/Users/bhupendrasam1404/.m2/repository/org/springframework/data/spring-data-jpa/2.7.0-M2/spring-data-jpa-2.7.0-M2.jar:/Users/bhupendrasam1404/.m2/repository/org/springframework/data/spring-data-commons/2.7.0-M2/spring-data-commons-2.7.0-M2.jar:/Users/bhupendrasam1404/.m2/repository/org/springframework/spring-orm/5.3.15/spring-orm-5.3.15.jar:/Users/bhupendrasam1404/.m2/repository/org/springframework/spring-context/5.3.15/spring-context-5.3.15.jar:/Users/bhupendrasam1404/.m2/repository/org/springframework/spring-tx/5.3.15/spring-tx-5.3.15.jar:/Users/bhupendrasam1404/.m2/repository/org/springframework/spring-beans/5.3.15/spring-beans-5.3.15.jar:/Users/bhupendrasam1404/.m2/repository/org/slf4j/slf4j-api/1.7.33/slf4j-api-1.7.33.jar:/Users/bhupendrasam1404/.m2/repository/org/springframework/spring-aspects/5.3.15/spring-aspects-5.3.15.jar:/Users/bhupendrasam1404/.m2/repository/org/springframework/boot/spring-boot-starter-web/2.7.0-M1/spring-boot-starter-web-2.7.0-M1.jar:/Users/bhupendrasam1404/.m2/repository/org/springframework/boot/spring-boot-starter/2.7.0-M1/spring-boot-starter-2.7.0-M1.jar:/Users/bhupendrasam1404/.m2/repository/org/springframework/boot/spring-boot-starter-logging/2.7.0-M1/spring-boot-starter-logging-2.7.0-M1.jar:/Users/bhupendrasam1404/.m2/repository/ch/qos/logback/logback-classic/1.2.10/logback-classic-1.2.10.jar:/Users/bhupendrasam1404/.m2/repository/ch/qos/logback/logback-core/1.2.10/logback-core-1.2.10.jar:/Users/bhupendrasam1404/.m2/repository/org/apache/logging/log4j/log4j-to-slf4j/2.17.1/log4j-to-slf4j-2.17.1.jar:/Users/bhupendrasam1404/.m2/repository/org/apache/logging/log4j/log4j-api/2.17.1/log4j-api-2.17.1.jar:/Users/bhupendrasam1404/.m2/repository/org/slf4j/jul-to-slf4j/1.7.33/jul-to-slf4j-1.7.33.jar:/Users/bhupendrasam1404/.m2/repository/jakarta/annotation/jakarta.annotation-api/1.3.5/jakarta.annotation-api-1.3.5.jar:/Users/bhupendrasam1404/.m2/repository/org/yaml/snakeyaml/1.30/snakeyaml-1.30.jar:/Users/bhupendrasam1404/.m2/repository/org/springframework/boot/spring-boot-starter-json/2.7.0-M1/spring-boot-starter-json-2.7.0-M1.jar:/Users/bhupendrasam1404/.m2/repository/com/fasterxml/jackson/core/jackson-databind/2.13.1/jackson-databind-2.13.1.jar:/Users/bhupendrasam1404/.m2/repository/com/fasterxml/jackson/core/jackson-annotations/2.13.1/jackson-annotations-2.13.1.jar:/Users/bhupendrasam1404/.m2/repository/com/fasterxml/jackson/core/jackson-core/2.13.1/jackson-core-2.13.1.jar:/Users/bhupendrasam1404/.m2/repository/com/fasterxml/jackson/datatype/jackson-datatype-jdk8/2.13.1/jackson-datatype-jdk8-2.13.1.jar:/Users/bhupendrasam1404/.m2/repository/com/fasterxml/jackson/datatype/jackson-datatype-jsr310/2.13.1/jackson-datatype-jsr310-2.13.1.jar:/Users/bhupendrasam1404/.m2/repository/com/fasterxml/jackson/module/jackson-module-parameter-names/2.13.1/jackson-module-parameter-names-2.13.1.jar:/Users/bhupendrasam1404/.m2/repository/org/springframework/boot/spring-boot-starter-tomcat/2.7.0-M1/spring-boot-starter-tomcat-2.7.0-M1.jar:/Users/bhupendrasam1404/.m2/repository/org/apache/tomcat/embed/tomcat-embed-core/9.0.58/tomcat-embed-core-9.0.58.jar:/Users/bhupendrasam1404/.m2/repository/org/apache/tomcat/embed/tomcat-embed-el/9.0.58/tomcat-embed-el-9.0.58.jar:/Users/bhupendrasam1404/.m2/repository/org/apache/tomcat/embed/tomcat-embed-websocket/9.0.58/tomcat-embed-websocket-9.0.58.jar:/Users/bhupendrasam1404/.m2/repository/org/springframework/spring-web/5.3.15/spring-web-5.3.15.jar:/Users/bhupendrasam1404/.m2/repository/org/springframework/spring-webmvc/5.3.15/spring-webmvc-5.3.15.jar:/Users/bhupendrasam1404/.m2/repository/org/springframework/spring-expression/5.3.15/spring-expression-5.3.15.jar:/Users/bhupendrasam1404/.m2/repository/com/h2database/h2/1.4.200/h2-1.4.200.jar:/Users/bhupendrasam1404/.m2/repository/org/springframework/boot/spring-boot-devtools/2.7.0-M1/spring-boot-devtools-2.7.0-M1.jar:/Users/bhupendrasam1404/.m2/repository/org/springframework/boot/spring-boot/2.7.0-M1/spring-boot-2.7.0-M1.jar:/Users/bhupendrasam1404/.m2/repository/org/springframework/boot/spring-boot-autoconfigure/2.7.0-M1/spring-boot-autoconfigure-2.7.0-M1.jar:/Users/bhupendrasam1404/.m2/repository/mysql/mysql-connector-java/8.0.28/mysql-connector-java-8.0.28.jar:/Users/bhupendrasam1404/.m2/repository/org/springframework/boot/spring-boot-starter-test/2.7.0-M1/spring-boot-starter-test-2.7.0-M1.jar:/Users/bhupendrasam1404/.m2/repository/org/springframework/boot/spring-boot-test/2.7.0-M1/spring-boot-test-2.7.0-M1.jar:/Users/bhupendrasam1404/.m2/repository/org/springframework/boot/spring-boot-test-autoconfigure/2.7.0-M1/spring-boot-test-autoconfigure-2.7.0-M1.jar:/Users/bhupendrasam1404/.m2/repository/com/jayway/jsonpath/json-path/2.6.0/json-path-2.6.0.jar:/Users/bhupendrasam1404/.m2/repository/net/minidev/json-smart/2.4.7/json-smart-2.4.7.jar:/Users/bhupendrasam1404/.m2/repository/net/minidev/accessors-smart/2.4.7/accessors-smart-2.4.7.jar:/Users/bhupendrasam1404/.m2/repository/org/ow2/asm/asm/9.1/asm-9.1.jar:/Users/bhupendrasam1404/.m2/repository/jakarta/xml/bind/jakarta.xml.bind-api/2.3.3/jakarta.xml.bind-api-2.3.3.jar:/Users/bhupendrasam1404/.m2/repository/jakarta/activation/jakarta.activation-api/1.2.2/jakarta.activation-api-1.2.2.jar:/Users/bhupendrasam1404/.m2/repository/org/assertj/assertj-core/3.22.0/assertj-core-3.22.0.jar:/Users/bhupendrasam1404/.m2/repository/org/hamcrest/hamcrest/2.2/hamcrest-2.2.jar:/Users/bhupendrasam1404/.m2/repository/org/junit/jupiter/junit-jupiter/5.8.2/junit-jupiter-5.8.2.jar:/Users/bhupendrasam1404/.m2/repository/org/junit/jupiter/junit-jupiter-api/5.8.2/junit-jupiter-api-5.8.2.jar:/Users/bhupendrasam1404/.m2/repository/org/opentest4j/opentest4j/1.2.0/opentest4j-1.2.0.jar:/Users/bhupendrasam1404/.m2/repository/org/junit/platform/junit-platform-commons/1.8.2/junit-platform-commons-1.8.2.jar:/Users/bhupendrasam1404/.m2/repository/org/apiguardian/apiguardian-api/1.1.2/apiguardian-api-1.1.2.jar:/Users/bhupendrasam1404/.m2/repository/org/junit/jupiter/junit-jupiter-params/5.8.2/junit-jupiter-params-5.8.2.jar:/Users/bhupendrasam1404/.m2/repository/org/junit/jupiter/junit-jupiter-engine/5.8.2/junit-jupiter-engine-5.8.2.jar:/Users/bhupendrasam1404/.m2/repository/org/junit/platform/junit-platform-engine/1.8.2/junit-platform-engine-1.8.2.jar:/Users/bhupendrasam1404/.m2/repository/org/mockito/mockito-core/4.2.0/mockito-core-4.2.0.jar:/Users/bhupendrasam1404/.m2/repository/net/bytebuddy/byte-buddy-agent/1.12.7/byte-buddy-agent-1.12.7.jar:/Users/bhupendrasam1404/.m2/repository/org/objenesis/objenesis/3.2/objenesis-3.2.jar:/Users/bhupendrasam1404/.m2/repository/org/mockito/mockito-junit-jupiter/4.2.0/mockito-junit-jupiter-4.2.0.jar:/Users/bhupendrasam1404/.m2/repository/org/skyscreamer/jsonassert/1.5.0/jsonassert-1.5.0.jar:/Users/bhupendrasam1404/.m2/repository/com/vaadin/external/google/android-json/0.0.20131108.vaadin1/android-json-0.0.20131108.vaadin1.jar:/Users/bhupendrasam1404/.m2/repository/org/springframework/spring-core/5.3.15/spring-core-5.3.15.jar:/Users/bhupendrasam1404/.m2/repository/org/springframework/spring-jcl/5.3.15/spring-jcl-5.3.15.jar:/Users/bhupendrasam1404/.m2/repository/org/springframework/spring-test/5.3.15/spring-test-5.3.15.jar:/Users/bhupendrasam1404/.m2/repository/org/xmlunit/xmlunit-core/2.8.4/xmlunit-core-2.8.4.jar:"/>
    <property name="sun.cpu.endian" value="little"/>
    <property name="user.home" value="/Users/bhupendrasam1404"/>
    <property name="user.language" value="en"/>
    <property name="java.specification.vendor" value="Oracle Corporation"/>
    <property name="java.version.date" value="2021-10-19"/>
    <property name="java.home" value="/opt/homebrew/Cellar/openjdk/17.0.1_1/libexec/openjdk.jdk/Contents/Home"/>
    <property name="file.separator" value="/"/>
    <property name="basedir" value="/Users/bhupendrasam1404/Devops/springboot-CRUD"/>
    <property name="java.vm.compressedOopsMode" value="Zero based"/>
    <property name="line.separator" value="&#10;"/>
    <property name="java.specification.name" value="Java Platform API Specification"/>
    <property name="java.vm.specification.vendor" value="Oracle Corporation"/>
    <property name="surefire.real.class.path" value="/Users/bhupendrasam1404/Devops/springboot-CRUD/target/surefire/surefirebooter16439300530864939654.jar"/>
    <property name="sun.management.compiler" value="HotSpot 64-Bit Tiered Compilers"/>
    <property name="ftp.nonProxyHosts" value="local|*.local|169.254/16|*.169.254/16"/>
    <property name="java.runtime.version" value="17.0.1+1"/>
    <property name="user.name" value="bhupendrasam1404"/>
    <property name="path.separator" value=":"/>
    <property name="os.version" value="13.0.1"/>
    <property name="java.runtime.name" value="OpenJDK Runtime Environment"/>
    <property name="file.encoding" value="UTF-8"/>
    <property name="java.vm.name" value="OpenJDK 64-Bit Server VM"/>
    <property name="java.vendor.version" value="Homebrew"/>
    <property name="localRepository" value="/Users/bhupendrasam1404/.m2/repository"/>
    <property name="java.vendor.url.bug" value="https://github.com/Homebrew/homebrew-core/issues"/>
    <property name="java.io.tmpdir" value="/var/folders/q3/ngh2dd3s6mz6_gnmwrn3rzfh0000gn/T/"/>
    <property name="java.version" value="17.0.1"/>
    <property name="user.dir" value="/Users/bhupendrasam1404/Devops/springboot-CRUD"/>
    <property name="os.arch" value="aarch64"/>
    <property name="java.vm.specification.name" value="Java Virtual Machine Specification"/>
    <property name="native.encoding" value="UTF-8"/>
    <property name="java.library.path" value="/Users/bhupendrasam1404/Library/Java/Extensions:/Library/Java/Extensions:/Network/Library/Java/Extensions:/System/Library/Java/Extensions:/usr/lib/java:."/>
    <property name="java.vm.info" value="mixed mode, sharing"/>
    <property name="java.vendor" value="Homebrew"/>
    <property name="java.vm.version" value="17.0.1+1"/>
    <property name="sun.io.unicode.encoding" value="UnicodeBig"/>
    <property name="socksNonProxyHosts" value="local|*.local|169.254/16|*.169.254/16"/>
    <property name="java.class.version" value="61.0"/>
  </properties>
  <testcase name="contextLoads" classname="com.demo.demo.AAdemoApplicationTests" time="0.07"/>
</testsuite>